2025-11-21 13:06:19,840 [INFO] [MQTT] Connecting to 192.168.1.115:8883 ...
2025-11-21 13:06:20,651 [INFO] [MQTT] on_connect reason: Success
2025-11-21 13:06:20,651 [INFO] [MQTT] Connected OK, subscribing to device/01P00C4C1200687/report
2025-11-21 13:06:22,869 [INFO] Payload: {'print': {'wifi_signal': '-40dBm', 'command': 'push_status', 'msg': 1, 'sequence_id': '32086'}}
2025-11-21 13:06:24,886 [INFO] Payload: {'print': {'wifi_signal': '-41dBm', 'command': 'push_status', 'msg': 1, 'sequence_id': '32087'}}
2025-11-21 13:06:26,908 [INFO] Payload: {'print': {'bed_temper': 21.3125, 'wifi_signal': '-40dBm', 'command': 'push_status', 'msg': 1, 'sequence_id': '32088'}}
2025-11-21 14:03:55,743 [INFO] [MQTT] Connecting to 192.168.1.115:8883 ...
2025-11-21 14:03:56,557 [INFO] [MQTT] on_connect reason: Success
2025-11-21 14:03:56,557 [INFO] [MQTT] Connected OK, subscribing to device/01P00C4C1200687/report
2025-11-21 14:03:57,934 [INFO] Payload: {'print': {'upgrade_state': {'sequence_id': 0, 'progress': '', 'status': 'IDLE', 'consistency_request': False, 'dis_state': 0, 'err_code': 0, 'force_upgrade': False, 'message': '0%, 0B/s', 'module': '', 'new_version_state': 2, 'cur_state_code': 0, 'idx2': 4014898913, 'new_ver_list': []}, 'ipcam': {'ipcam_dev': '1', 'ipcam_record': 'enable', 'timelapse': 'disable', 'resolution': '', 'tutk_server': 'disable', 'mode_bits': 3}, 'upload': {'status': 'idle', 'progress': 0, 'message': ''}, 'net': {'conf': 0, 'info': [{'ip': 1929488576, 'mask': 16777215}]}, 'nozzle_temper': 24.46875, 'nozzle_target_temper': 0, 'bed_temper': 21.5625, 'bed_target_temper': 0, 'chamber_temper': 5, 'mc_print_stage': '1', 'heatbreak_fan_speed': '0', 'cooling_fan_speed': '0', 'big_fan1_speed': '0', 'big_fan2_speed': '0', 'mc_percent': 100, 'mc_remaining_time': 0, 'ams_status': 0, 'ams_rfid_status': 0, 'hw_switch_state': 0, 'spd_mag': 100, 'spd_lvl': 2, 'print_error': 0, 'lifecycle': 'product', 'wifi_signal': '-41dBm', 'gcode_state': 'FINISH', 'gcode_file_prepare_percent': '100', 'queue_number': 0, 'queue_total': 0, 'queue_est': 0, 'queue_sts': 0, 'project_id': '573443143', 'profile_id': '484381238', 'task_id': '573443143', 'subtask_id': '573443143', 'subtask_name': 'NEW - 1.7mm Holes For Original BambuLab Spool', 'gcode_file': '', 'stg': [], 'stg_cur': 255, 'print_type': 'idle', 'home_flag': 6374800, 'mc_print_line_number': '0', 'mc_print_sub_stage': 0, 'sdcard': True, 'force_upgrade': False, 'mess_production_state': 'active', 'layer_num': 160, 'total_layer_num': 160, 's_obj': [], 'filam_bak': [], 'fan_gear': 0, 'nozzle_diameter': '0.4', 'nozzle_type': 'hardened_steel', 'cali_version': 0, 'k': '0.0200', 'flag3': 671, 'hms': [], 'online': {'ahb': True, 'rfid': False, 'version': 1796248346}, 'ams': {'ams': [{'chip_id': '66253b820821b04d48303933fffffff', 'ams_id': '19C06A571402237', 'check': 1, 'id': '0', 'humidity': '5', 'humidity_raw': '19', 'temp': '22.6', 'dry_time': 0, 'info': '2003', 'tray': [{'id': '0', 'state': 3, 'remain': 18, 'k': 0.019999999552965164, 'n': 1, 'cali_idx': -1, 'total_len': 330000, 'tag_uid': '35276AFF00000100', 'tray_id_name': 'A00-K00', 'tray_info_idx': 'GFA00', 'tray_type': 'PLA', 'tray_sub_brands': 'PLA Basic', 'tray_color': '000000FF', 'tray_weight': '1000', 'tray_diameter': '1.75', 'tray_temp': '55', 'tray_time': '8', 'bed_temp_type': '0', 'bed_temp': '0', 'nozzle_temp_max': '230', 'nozzle_temp_min': '190', 'xcam_info': '000000000000000000000000', 'tray_uuid': 'B33AF65F388F4793BDB97E3DD6DCE302', 'ctype': 0, 'cols': ['000000FF']}, {'id': '1', 'state': 3, 'remain': 60, 'k': 0.019999999552965164, 'n': 1, 'cali_idx': -1, 'total_len': 330000, 'tag_uid': '2722692D00000100', 'tray_id_name': 'A01-B3', 'tray_info_idx': 'GFA01', 'tray_type': 'PLA', 'tray_sub_brands': 'PLA Matte', 'tray_color': '0078BFFF', 'tray_weight': '1000', 'tray_diameter': '1.75', 'tray_temp': '55', 'tray_time': '8', 'bed_temp_type': '0', 'bed_temp': '0', 'nozzle_temp_max': '230', 'nozzle_temp_min': '190', 'xcam_info': 'D007D007E803E8033333333F', 'tray_uuid': '0DD047DA79154908AFD7427F67700C01', 'ctype': 0, 'cols': ['0078BFFF']}, {'id': '2', 'state': 3, 'remain': -1, 'k': 0.019999999552965164, 'n': 1, 'cali_idx': -1, 'total_len': 330000, 'tag_uid': '0000000000000000', 'tray_id_name': '', 'tray_info_idx': 'GFL99', 'tray_type': 'PLA', 'tray_sub_brands': '', 'tray_color': 'FFFFFFFF', 'tray_weight': '0', 'tray_diameter': '0.00', 'tray_temp': '0', 'tray_time': '0', 'bed_temp_type': '0', 'bed_temp': '0', 'nozzle_temp_max': '240', 'nozzle_temp_min': '190', 'xcam_info': '000000000000000000000000', 'tray_uuid': '00000000000000000000000000000000', 'ctype': 0, 'cols': ['FFFFFFFF']}, {'id': '3', 'state': 3, 'remain': -1, 'k': 0.019999999552965164, 'n': 1, 'cali_idx': -1, 'total_len': 330000, 'tag_uid': '0000000000000000', 'tray_id_name': '', 'tray_info_idx': 'GFL99', 'tray_type': 'PLA', 'tray_sub_brands': '', 'tray_color': '0ACC38FF', 'tray_weight': '0', 'tray_diameter': '0.00', 'tray_temp': '0', 'tray_time': '0', 'bed_temp_type': '0', 'bed_temp': '0', 'nozzle_temp_max': '240', 'nozzle_temp_min': '190', 'xcam_info': '000000000000000000000000', 'tray_uuid': '00000000000000000000000000000000', 'ctype': 0, 'cols': ['0ACC38FF']}]}], 'ams_exist_bits': '1', 'tray_exist_bits': 'f', 'tray_is_bbl_bits': 'f', 'tray_tar': '255', 'tray_now': '255', 'tray_pre': '255', 'tray_read_done_bits': 'f', 'tray_reading_bits': '0', 'version': 46, 'insert_flag': True, 'power_on_flag': True}, 'vt_tray': {'id': '254', 'tag_uid': '0000000000000000', 'tray_id_name': '', 'tray_info_idx': '', 'tray_type': '', 'tray_sub_brands': '', 'tray_color': 'FFFFFF00', 'tray_weight': '0', 'tray_diameter': '0.00', 'tray_temp': '0', 'tray_time': '0', 'bed_temp_type': '0', 'bed_temp': '0', 'nozzle_temp_max': '0', 'nozzle_temp_min': '0', 'xcam_info': '000000000000000000000000', 'tray_uuid': '00000000000000000000000000000000', 'remain': 0, 'k': 0.019999999552965164, 'n': 1, 'cali_idx': -1}, 'lights_report': [{'node': 'chamber_light', 'mode': 'on'}], 'command': 'push_status', 'msg': 0, 'sequence_id': '33167'}}
2025-11-21 14:04:43,461 [INFO] [MQTT] Connecting to 192.168.1.115:8883 ...
2025-11-21 14:04:44,281 [INFO] [MQTT] on_connect reason: Success
2025-11-21 14:04:44,281 [INFO] [MQTT] Connected OK, subscribing to device/01P00C4C1200687/report
2025-11-21 14:04:46,300 [INFO] Payload: {'print': {'bed_temper': 21.59375, 'command': 'push_status', 'msg': 1, 'sequence_id': '33182'}}
2025-11-21 14:04:48,385 [ERROR] [DOOR] Error calling door opener: HTTPConnectionPool(host='bambudooropener.com', port=80): Max retries exceeded with url: /door-motor/open (Caused by NewConnectionError('<urllib3.connection.HTTPConnection object at 0x000001EADE43FA40>: Failed to establish a new connection: [WinError 10061] No connection could be made because the target machine actively refused it'))
2025-11-21 14:04:48,385 [INFO] Payload: {'print': {'bed_temper': 21.625, 'command': 'push_status', 'msg': 1, 'sequence_id': '33183'}}
2025-11-21 14:04:50,480 [ERROR] [DOOR] Error calling door opener: HTTPConnectionPool(host='bambudooropener.com', port=80): Max retries exceeded with url: /door-motor/open (Caused by NewConnectionError('<urllib3.connection.HTTPConnection object at 0x000001EADE4850A0>: Failed to establish a new connection: [WinError 10061] No connection could be made because the target machine actively refused it'))
2025-11-21 14:04:52,343 [INFO] Payload: {'print': {'bed_temper': 21.59375, 'command': 'push_status', 'msg': 1, 'sequence_id': '33184'}}
2025-11-21 14:04:55,725 [ERROR] [DOOR] Error calling door opener: HTTPConnectionPool(host='bambudooropener.com', port=80): Max retries exceeded with url: /door-motor/open (Caused by NewConnectionError('<urllib3.connection.HTTPConnection object at 0x000001EADE4859D0>: Failed to establish a new connection: [WinError 10061] No connection could be made because the target machine actively refused it'))
2025-11-21 14:04:55,725 [INFO] Payload: {'print': {'wifi_signal': '-40dBm', 'command': 'push_status', 'msg': 1, 'sequence_id': '33185'}}
2025-11-21 14:04:56,386 [INFO] Payload: {'print': {'bed_temper': 21.625, 'command': 'push_status', 'msg': 1, 'sequence_id': '33186'}}
2025-11-21 14:04:58,471 [ERROR] [DOOR] Error calling door opener: HTTPConnectionPool(host='bambudooropener.com', port=80): Max retries exceeded with url: /door-motor/open (Caused by NewConnectionError('<urllib3.connection.HTTPConnection object at 0x000001EADE4864B0>: Failed to establish a new connection: [WinError 10061] No connection could be made because the target machine actively refused it'))
2025-11-21 14:48:19,789 [INFO] [DOOR] State Called http://bambudooropener.com/door-motor/state, status: False
2025-11-21 14:48:41,515 [INFO] [DOOR] State Called http://bambudooropener.com/door-motor/state, status: False
2025-11-21 14:49:03,072 [INFO] [DOOR] State Called http://bambudooropener.com/door-motor/state, status: False
2025-11-21 14:49:03,090 [INFO] [MQTT] Connecting to 192.168.1.115:8883 ...
2025-11-21 14:49:03,955 [INFO] [MQTT] on_connect reason: Success
2025-11-21 14:49:03,955 [INFO] [MQTT] Connected OK, subscribing to device/01P00C4C1200687/report
2025-11-21 14:57:08,688 [ERROR] [DOOR] Error calling door opener: HTTPConnectionPool(host='bambudooropener.com', port=80): Read timed out. (read timeout=5)
2025-11-21 14:57:08,705 [INFO] [MQTT] Connecting to 192.168.1.115:8883 ...
2025-11-21 14:57:09,570 [INFO] [MQTT] on_connect reason: Success
2025-11-21 14:57:09,570 [INFO] [MQTT] Connected OK, subscribing to device/01P00C4C1200687/report
2025-11-21 14:58:06,844 [INFO] Completed Print!
2025-11-21 14:58:09,940 [INFO] [DOOR] Open Called http://bambudooropener.com/door-motor/open, status: 502
